
> almstkshf.com@0.1.0 build
> next build

   Î“Ă»â–“ Next.js 15.5.12
   - Environments: .env.local
   - Experiments (use with caution):
     â”¬â•– optimizePackageImports

   Creating an optimized production build ...
<w> [webpack.cache.PackFileCacheStrategy] Serializing big strings (187kiB) impacts deserialization performance (consider using Buffer instead and decode when needed)
 Î“ÂŁĂ´ Compiled successfully in 42s
   Skipping validation of types
   Skipping linting
   Collecting page data ...
   Generating static pages (0/45) ...
   Generating static pages (11/45) 
   Generating static pages (22/45) 
   Generating static pages (33/45) 
 Î“ÂŁĂ´ Generating static pages (45/45)
   Finalizing page optimization ...
   Collecting build traces ...

Route (app)                                                 Size  First Load JS
Î“Ă¶Ă® Î“ĂąĂŻ /_not-found                                            163 B         102 kB
Î“Ă¶ÂŁ Î“ĂąĂ… /[locale]                                             285 kB         473 kB
Î“Ă¶ÂŁ   Î“Ă¶ÂŁ /en
Î“Ă¶ÂŁ   Î“Ă¶Ă¶ /ar
Î“Ă¶ÂŁ Î“ĂąĂ… /[locale]/behind-the-scene                            3.2 kB         162 kB
Î“Ă¶ÂŁ   Î“Ă¶ÂŁ /en/behind-the-scene
Î“Ă¶ÂŁ   Î“Ă¶Ă¶ /ar/behind-the-scene
Î“Ă¶ÂŁ Î“ĂąĂ… /[locale]/case-studies/lexcora                       3.84 kB         166 kB
Î“Ă¶ÂŁ   Î“Ă¶ÂŁ /en/case-studies/lexcora
Î“Ă¶ÂŁ   Î“Ă¶Ă¶ /ar/case-studies/lexcora
Î“Ă¶ÂŁ Î“ĂąĂ… /[locale]/case-studies/styling-assistant             3.19 kB         186 kB
Î“Ă¶ÂŁ   Î“Ă¶ÂŁ /en/case-studies/styling-assistant
Î“Ă¶ÂŁ   Î“Ă¶Ă¶ /ar/case-studies/styling-assistant
Î“Ă¶ÂŁ Î“ĂąĂ… /[locale]/contact                                    2.18 kB         179 kB
Î“Ă¶ÂŁ   Î“Ă¶ÂŁ /en/contact
Î“Ă¶ÂŁ   Î“Ă¶Ă¶ /ar/contact
Î“Ă¶ÂŁ Î“ĂąĂ… /[locale]/dashboard                                   408 kB         589 kB
Î“Ă¶ÂŁ   Î“Ă¶ÂŁ /en/dashboard
Î“Ă¶ÂŁ   Î“Ă¶Ă¶ /ar/dashboard
Î“Ă¶ÂŁ Î“ĂąĂ… /[locale]/dashboard/settings                         3.75 kB         176 kB
Î“Ă¶ÂŁ   Î“Ă¶ÂŁ /en/dashboard/settings
Î“Ă¶ÂŁ   Î“Ă¶Ă¶ /ar/dashboard/settings
Î“Ă¶ÂŁ Î“ĂąĂ… /[locale]/media-monitoring/central-media-repository  3.17 kB         157 kB
Î“Ă¶ÂŁ   Î“Ă¶ÂŁ /en/media-monitoring/central-media-repository
Î“Ă¶ÂŁ   Î“Ă¶Ă¶ /ar/media-monitoring/central-media-repository
Î“Ă¶ÂŁ Î“ĂąĂ… /[locale]/media-monitoring/crisis-management         3.45 kB         300 kB
Î“Ă¶ÂŁ   Î“Ă¶ÂŁ /en/media-monitoring/crisis-management
Î“Ă¶ÂŁ   Î“Ă¶Ă¶ /ar/media-monitoring/crisis-management
Î“Ă¶ÂŁ Î“ĂąĂ… /[locale]/media-monitoring/media-pulse               3.15 kB         184 kB
Î“Ă¶ÂŁ   Î“Ă¶ÂŁ /en/media-monitoring/media-pulse
Î“Ă¶ÂŁ   Î“Ă¶Ă¶ /ar/media-monitoring/media-pulse
Î“Ă¶ÂŁ Î“ĂąĂ… /[locale]/media-monitoring/press                     2.42 kB         299 kB
Î“Ă¶ÂŁ   Î“Ă¶ÂŁ /en/media-monitoring/press
Î“Ă¶ÂŁ   Î“Ă¶Ă¶ /ar/media-monitoring/press
Î“Ă¶ÂŁ Î“ĂąĂ… /[locale]/media-monitoring/tv-radio                  2.42 kB         299 kB
Î“Ă¶ÂŁ   Î“Ă¶ÂŁ /en/media-monitoring/tv-radio
Î“Ă¶ÂŁ   Î“Ă¶Ă¶ /ar/media-monitoring/tv-radio
Î“Ă¶ÂŁ Î“ĂąĂ… /[locale]/payment/cancelled                          1.71 kB         107 kB
Î“Ă¶ÂŁ   Î“Ă¶ÂŁ /en/payment/cancelled
Î“Ă¶ÂŁ   Î“Ă¶Ă¶ /ar/payment/cancelled
Î“Ă¶ÂŁ Î“ĂąĂ… /[locale]/payment/success                            2.24 kB         108 kB
Î“Ă¶ÂŁ   Î“Ă¶ÂŁ /en/payment/success
Î“Ă¶ÂŁ   Î“Ă¶Ă¶ /ar/payment/success
Î“Ă¶ÂŁ Î“ĂąĂ… /[locale]/pricing                                    3.17 kB         186 kB
Î“Ă¶ÂŁ   Î“Ă¶ÂŁ /en/pricing
Î“Ă¶ÂŁ   Î“Ă¶Ă¶ /ar/pricing
Î“Ă¶ÂŁ Î“ĂąĂ… /[locale]/privacy                                      163 B         102 kB
Î“Ă¶ÂŁ   Î“Ă¶ÂŁ /en/privacy
Î“Ă¶ÂŁ   Î“Ă¶Ă¶ /ar/privacy
Î“Ă¶ÂŁ Î“ĂąĂ… /[locale]/technical-solutions/integration            2.62 kB         160 kB
Î“Ă¶ÂŁ   Î“Ă¶ÂŁ /en/technical-solutions/integration
Î“Ă¶ÂŁ   Î“Ă¶Ă¶ /ar/technical-solutions/integration
Î“Ă¶ÂŁ Î“ĂąĂ… /[locale]/technical-solutions/kyc                    1.99 kB         159 kB
Î“Ă¶ÂŁ   Î“Ă¶ÂŁ /en/technical-solutions/kyc
Î“Ă¶ÂŁ   Î“Ă¶Ă¶ /ar/technical-solutions/kyc
Î“Ă¶ÂŁ Î“ĂąĂ… /[locale]/technical-solutions/smart-media-assistant  5.22 kB         159 kB
Î“Ă¶ÂŁ   Î“Ă¶ÂŁ /en/technical-solutions/smart-media-assistant
Î“Ă¶ÂŁ   Î“Ă¶Ă¶ /ar/technical-solutions/smart-media-assistant
Î“Ă¶ÂŁ Î“ĂąĂ… /[locale]/terms                                        163 B         102 kB
Î“Ă¶ÂŁ   Î“Ă¶ÂŁ /en/terms
Î“Ă¶ÂŁ   Î“Ă¶Ă¶ /ar/terms
Î“Ă¶ÂŁ â•žĂ† /api/chatbase/token                                    163 B         102 kB
Î“Ă¶ÂŁ â•žĂ† /api/monitor                                           163 B         102 kB
Î“Ă¶ÂŁ â•žĂ† /api/sentiment/overview                                163 B         102 kB
Î“Ă¶ÂŁ â•žĂ† /api/sentiment/risk                                    163 B         102 kB
Î“Ă¶ÂŁ â•žĂ† /api/stripe/checkout                                   163 B         102 kB
Î“Ă¶ÂŁ â•žĂ† /api/stripe/webhook                                    163 B         102 kB
Î“Ă¶ÂŁ Î“ĂąĂŻ /robots.txt                                            163 B         102 kB
Î“Ă¶Ă¶ Î“ĂąĂŻ /sitemap.xml                                           163 B         102 kB
+ First Load JS shared by all                             102 kB
  Î“Ă¶ÂŁ chunks/1255-31341e05e682b6b5.js                      45.5 kB
  Î“Ă¶ÂŁ chunks/4bd1b696-182b6b13bdad92e3.js                  54.2 kB
  Î“Ă¶Ă¶ other shared chunks (total)                          2.16 kB


â•žĂ† Middleware                                             98.7 kB

Î“ĂąĂŻ  (Static)   prerendered as static content
Î“ĂąĂ…  (SSG)      prerendered as static HTML (uses generateStaticParams)
â•žĂ†  (Dynamic)  server-rendered on demand

